2025-10-12 00:08:02 [ERROR]: UNCAUGHT EXCEPTION {"error":{"name":"Error","message":"Cannot find module '../../shared/utils/constants'\nRequire stack:\n- C:\\Users\\Owner\\OneDrive\\Desktop\\KS Application Bot\\core\\database\\servers.js\n- C:\\Users\\Owner\\OneDrive\\Desktop\\KS Application Bot\\core\\bot.js\n- C:\\Users\\Owner\\OneDrive\\Desktop\\KS Application Bot\\index.js","stack":"Error: Cannot find module '../../shared/utils/constants'\nRequire stack:\n- C:\\Users\\Owner\\OneDrive\\Desktop\\KS Application Bot\\core\\database\\servers.js\n- C:\\Users\\Owner\\OneDrive\\Desktop\\KS Application Bot\\core\\bot.js\n- C:\\Users\\Owner\\OneDrive\\Desktop\\KS Application Bot\\index.js\n    at Function._resolveFilename (node:internal/modules/cjs/loader:1394:15)\n    at defaultResolveImpl (node:internal/modules/cjs/loader:1050:19)\n    at resolveForCJSWithHooks (node:internal/modules/cjs/loader:1055:22)\n    at Function._load (node:internal/modules/cjs/loader:1204:37)\n    at TracingChannel.traceSync (node:diagnostics_channel:322:14)\n    at wrapModuleLoad (node:internal/modules/cjs/loader:234:24)\n    at Module.require (node:internal/modules/cjs/loader:1480:12)\n    at require (node:internal/modules/helpers:135:16)\n    at Object.<anonymous> (C:\\Users\\Owner\\OneDrive\\Desktop\\KS Application Bot\\core\\database\\servers.js:9:26)\n    at Module._compile (node:internal/modules/cjs/loader:1723:14)"}}
2025-10-12 00:11:44 [ERROR]: UNCAUGHT EXCEPTION {"error":{"name":"Error","message":"Cannot find module '../../shared/utils/constants'\nRequire stack:\n- C:\\Users\\Owner\\OneDrive\\Desktop\\KS Application Bot\\core\\database\\servers.js\n- C:\\Users\\Owner\\OneDrive\\Desktop\\KS Application Bot\\core\\bot.js\n- C:\\Users\\Owner\\OneDrive\\Desktop\\KS Application Bot\\index.js","stack":"Error: Cannot find module '../../shared/utils/constants'\nRequire stack:\n- C:\\Users\\Owner\\OneDrive\\Desktop\\KS Application Bot\\core\\database\\servers.js\n- C:\\Users\\Owner\\OneDrive\\Desktop\\KS Application Bot\\core\\bot.js\n- C:\\Users\\Owner\\OneDrive\\Desktop\\KS Application Bot\\index.js\n    at Function._resolveFilename (node:internal/modules/cjs/loader:1394:15)\n    at defaultResolveImpl (node:internal/modules/cjs/loader:1050:19)\n    at resolveForCJSWithHooks (node:internal/modules/cjs/loader:1055:22)\n    at Function._load (node:internal/modules/cjs/loader:1204:37)\n    at TracingChannel.traceSync (node:diagnostics_channel:322:14)\n    at wrapModuleLoad (node:internal/modules/cjs/loader:234:24)\n    at Module.require (node:internal/modules/cjs/loader:1480:12)\n    at require (node:internal/modules/helpers:135:16)\n    at Object.<anonymous> (C:\\Users\\Owner\\OneDrive\\Desktop\\KS Application Bot\\core\\database\\servers.js:9:26)\n    at Module._compile (node:internal/modules/cjs/loader:1723:14)"}}
2025-10-12 00:16:17 [ERROR]: UNCAUGHT EXCEPTION {"error":{"name":"Error","message":"Cannot find module '/shared/utils/constants'\nRequire stack:\n- C:\\Users\\Owner\\OneDrive\\Desktop\\KS Application Bot\\core\\database\\servers.js\n- C:\\Users\\Owner\\OneDrive\\Desktop\\KS Application Bot\\core\\bot.js\n- C:\\Users\\Owner\\OneDrive\\Desktop\\KS Application Bot\\index.js","stack":"Error: Cannot find module '/shared/utils/constants'\nRequire stack:\n- C:\\Users\\Owner\\OneDrive\\Desktop\\KS Application Bot\\core\\database\\servers.js\n- C:\\Users\\Owner\\OneDrive\\Desktop\\KS Application Bot\\core\\bot.js\n- C:\\Users\\Owner\\OneDrive\\Desktop\\KS Application Bot\\index.js\n    at Function._resolveFilename (node:internal/modules/cjs/loader:1394:15)\n    at defaultResolveImpl (node:internal/modules/cjs/loader:1050:19)\n    at resolveForCJSWithHooks (node:internal/modules/cjs/loader:1055:22)\n    at Function._load (node:internal/modules/cjs/loader:1204:37)\n    at TracingChannel.traceSync (node:diagnostics_channel:322:14)\n    at wrapModuleLoad (node:internal/modules/cjs/loader:234:24)\n    at Module.require (node:internal/modules/cjs/loader:1480:12)\n    at require (node:internal/modules/helpers:135:16)\n    at Object.<anonymous> (C:\\Users\\Owner\\OneDrive\\Desktop\\KS Application Bot\\core\\database\\servers.js:9:26)\n    at Module._compile (node:internal/modules/cjs/loader:1723:14)"}}
2025-10-12 00:35:46 [ERROR]: UNCAUGHT EXCEPTION {"error":{"name":"Error","message":"Cannot find module '../shared/utils/constants'\nRequire stack:\n- C:\\Users\\Owner\\OneDrive\\Desktop\\KS Application Bot\\core\\database\\servers.js\n- C:\\Users\\Owner\\OneDrive\\Desktop\\KS Application Bot\\core\\bot.js\n- C:\\Users\\Owner\\OneDrive\\Desktop\\KS Application Bot\\index.js","stack":"Error: Cannot find module '../shared/utils/constants'\nRequire stack:\n- C:\\Users\\Owner\\OneDrive\\Desktop\\KS Application Bot\\core\\database\\servers.js\n- C:\\Users\\Owner\\OneDrive\\Desktop\\KS Application Bot\\core\\bot.js\n- C:\\Users\\Owner\\OneDrive\\Desktop\\KS Application Bot\\index.js\n    at Function._resolveFilename (node:internal/modules/cjs/loader:1394:15)\n    at defaultResolveImpl (node:internal/modules/cjs/loader:1050:19)\n    at resolveForCJSWithHooks (node:internal/modules/cjs/loader:1055:22)\n    at Function._load (node:internal/modules/cjs/loader:1204:37)\n    at TracingChannel.traceSync (node:diagnostics_channel:322:14)\n    at wrapModuleLoad (node:internal/modules/cjs/loader:234:24)\n    at Module.require (node:internal/modules/cjs/loader:1480:12)\n    at require (node:internal/modules/helpers:135:16)\n    at Object.<anonymous> (C:\\Users\\Owner\\OneDrive\\Desktop\\KS Application Bot\\core\\database\\servers.js:9:26)\n    at Module._compile (node:internal/modules/cjs/loader:1723:14)"}}
